<html>
<head>
<title>TestNG:  Surefire test</title>
<link href="../testng.css" rel="stylesheet" type="text/css" />
<link href="../my-testng.css" rel="stylesheet" type="text/css" />

<style type="text/css">
.log { display: none;} 
.stack-trace { display: none;} 
</style>
<script type="text/javascript">
<!--
function flip(e) {
  current = e.style.display;
  if (current == 'block') {
    e.style.display = 'none';
    return 0;
  }
  else {
    e.style.display = 'block';
    return 1;
  }
}

function toggleBox(szDivId, elem, msg1, msg2)
{
  var res = -1;  if (document.getElementById) {
    res = flip(document.getElementById(szDivId));
  }
  else if (document.all) {
    // this is the way old msie versions work
    res = flip(document.all[szDivId]);
  }
  if(elem) {
    if(res == 0) elem.innerHTML = msg1; else elem.innerHTML = msg2;
  }

}

function toggleAllBoxes() {
  if (document.getElementsByTagName) {
    d = document.getElementsByTagName('div');
    for (i = 0; i < d.length; i++) {
      if (d[i].className == 'log') {
        flip(d[i]);
      }
    }
  }
}

// -->
</script>

</head>
<body>
<h2 align='center'>Surefire test</h2><table border='1' align="center">
<tr>
<td>Tests passed/Failed/Skipped:</td><td>18/3/0</td>
</tr><tr>
<td>Started on:</td><td>Wed Dec 07 01:26:53 EET 2022</td>
</tr>
<tr><td>Total time:</td><td>348 seconds (348935 ms)</td>
</tr><tr>
<td>Included groups:</td><td></td>
</tr><tr>
<td>Excluded groups:</td><td></td>
</tr>
</table><p/>
<small><i>(Hover the method name to see the test class name)</i></small><p/>
<table width='100%' border='1' class='invocation-failed'>
<tr><td colspan='4' align='center'><b>FAILED TESTS</b></td></tr>
<tr><td><b>Test method</b></td>
<td width="30%"><b>Exception</b></td>
<td width="10%"><b>Time (seconds)</b></td>
<td><b>Instance</b></td>
</tr>
<tr>
<td title='org.example.testRunner.runners.runScenario()'><b>runScenario</b><br>Test class: org.example.testRunner.runners<br>Test method: Runs Cucumber Scenarios<br>Parameters: "user could access RSS followUs link", "F14_FollowUs - user could access followUs links"</td>
<td><div><pre>org.openqa.selenium.TimeoutException: Expected condition failed: waiting for number of open windows to be 2 (tried for 3 second(s) with 500 milliseconds interval)
Build info: version: &apos;4.6.0&apos;, revision: &apos;79f1c02ae20&apos;
System info: os.name: &apos;Windows 10&apos;, os.arch: &apos;amd64&apos;, os.version: &apos;10.0&apos;, java.version: &apos;1.8.0_111&apos;
Driver info: org.openqa.selenium.chrome.ChromeDriver
Capabilities {acceptInsecureCerts: false, browserName: chrome, browserVersion: 108.0.5359.71, chrome: {chromedriverVersion: 107.0.5304.62 (1eec40d3a576..., userDataDir: C:\Users\MOH~1.KAM\AppData\...}, goog:chromeOptions: {debuggerAddress: localhost:57219}, networkConnectionEnabled: false, pageLoadStrategy: normal, platformName: WINDOWS, proxy: Proxy(), se:cdp: ws://localhost:57219/devtoo..., se:cdpVersion: 108.0.5359.71, setWindowRect: true, strictFileInteractability: false, timeouts: {implicit: 0, pageLoad: 300000, script: 30000}, unhandledPromptBehavior: dismiss and notify, webauthn:extension:credBlob: true, webauthn:extension:largeBlob: true, webauthn:virtualAuthenticators: true}
Session ID: fdbbfd8e19c1427fc64fed32657a48d6
	at org.openqa.selenium.support.ui.WebDriverWait.timeoutException(WebDriverWait.java:87)
	at org.openqa.selenium.support.ui.FluentWait.until(FluentWait.java:231)
	at org.example.stepDefinitions.D14_FollowUsStepDef.RSS_Accessed(D14_FollowUsStepDef.java:83)
	at ?.RSS is accessed successfully(file:///D:/Front%20End%20Testing/Java/Projects/demonopcommerceB/src/main/resources/features/F14_FollowUs.feature:22)
</pre></div><a href='#' onClick='toggleBox("stack-trace1777972577", this, "Click to show all stack frames", "Click to hide stack frames")'>Click to show all stack frames</a>
<div class='stack-trace' id='stack-trace1777972577'><pre>org.openqa.selenium.TimeoutException: Expected condition failed: waiting for number of open windows to be 2 (tried for 3 second(s) with 500 milliseconds interval)
Build info: version: &apos;4.6.0&apos;, revision: &apos;79f1c02ae20&apos;
System info: os.name: &apos;Windows 10&apos;, os.arch: &apos;amd64&apos;, os.version: &apos;10.0&apos;, java.version: &apos;1.8.0_111&apos;
Driver info: org.openqa.selenium.chrome.ChromeDriver
Capabilities {acceptInsecureCerts: false, browserName: chrome, browserVersion: 108.0.5359.71, chrome: {chromedriverVersion: 107.0.5304.62 (1eec40d3a576..., userDataDir: C:\Users\MOH~1.KAM\AppData\...}, goog:chromeOptions: {debuggerAddress: localhost:57219}, networkConnectionEnabled: false, pageLoadStrategy: normal, platformName: WINDOWS, proxy: Proxy(), se:cdp: ws://localhost:57219/devtoo..., se:cdpVersion: 108.0.5359.71, setWindowRect: true, strictFileInteractability: false, timeouts: {implicit: 0, pageLoad: 300000, script: 30000}, unhandledPromptBehavior: dismiss and notify, webauthn:extension:credBlob: true, webauthn:extension:largeBlob: true, webauthn:virtualAuthenticators: true}
Session ID: fdbbfd8e19c1427fc64fed32657a48d6
	at org.openqa.selenium.support.ui.WebDriverWait.timeoutException(WebDriverWait.java:87)
	at org.openqa.selenium.support.ui.FluentWait.until(FluentWait.java:231)
	at org.example.stepDefinitions.D14_FollowUsStepDef.RSS_Accessed(D14_FollowUsStepDef.java:83)
	at ?.RSS is accessed successfully(file:///D:/Front%20End%20Testing/Java/Projects/demonopcommerceB/src/main/resources/features/F14_FollowUs.feature:22)
</pre></div></td>
<td>12</td>
<td>org.example.testRunner.runners@7a9273a8</td></tr>
<tr>
<td title='org.example.testRunner.runners.runScenario()'><b>runScenario</b><br>Test class: org.example.testRunner.runners<br>Test method: Runs Cucumber Scenarios<br>Parameters: "user could access Lumia product through first slider", "F13_HomeSliders - user could access products through sliders"</td>
<td><div><pre>java.lang.AssertionError: Error:URL Mismatch expected [https://demo.nopcommerce.com/nokia-lumia-1020] but found [https://demo.nopcommerce.com/]
	at org.example.stepDefinitions.D13_HomeSlidersStepDef.lumia_success_open(D13_HomeSlidersStepDef.java:20)
	at ?.user open Lumia product successfully(file:///D:/Front%20End%20Testing/Java/Projects/demonopcommerceB/src/main/resources/features/F13_HomeSliders.feature:7)
... Removed 5 stack frames</pre></div><a href='#' onClick='toggleBox("stack-trace890236948", this, "Click to show all stack frames", "Click to hide stack frames")'>Click to show all stack frames</a>
<div class='stack-trace' id='stack-trace890236948'><pre>java.lang.AssertionError: Error:URL Mismatch expected [https://demo.nopcommerce.com/nokia-lumia-1020] but found [https://demo.nopcommerce.com/]
	at org.testng.Assert.fail(Assert.java:110)
	at org.testng.Assert.failNotEquals(Assert.java:1413)
	at org.testng.Assert.assertEqualsImpl(Assert.java:149)
	at org.testng.Assert.assertEquals(Assert.java:131)
	at org.testng.Assert.assertEquals(Assert.java:655)
	at org.example.stepDefinitions.D13_HomeSlidersStepDef.lumia_success_open(D13_HomeSlidersStepDef.java:20)
	at ?.user open Lumia product successfully(file:///D:/Front%20End%20Testing/Java/Projects/demonopcommerceB/src/main/resources/features/F13_HomeSliders.feature:7)
</pre></div></td>
<td>14</td>
<td>org.example.testRunner.runners@7a9273a8</td></tr>
<tr>
<td title='org.example.testRunner.runners.runScenario()'><b>runScenario</b><br>Test class: org.example.testRunner.runners<br>Test method: Runs Cucumber Scenarios<br>Parameters: "user could access iPhone product through second slider", "F13_HomeSliders - user could access products through sliders"</td>
<td><div><pre>java.lang.AssertionError: Error:URL Mismatch expected [https://demo.nopcommerce.com/iphone-6] but found [https://demo.nopcommerce.com/]
	at org.example.stepDefinitions.D13_HomeSlidersStepDef.iphone_page_open(D13_HomeSlidersStepDef.java:31)
	at ?.user open iPhone product successfully(file:///D:/Front%20End%20Testing/Java/Projects/demonopcommerceB/src/main/resources/features/F13_HomeSliders.feature:13)
... Removed 5 stack frames</pre></div><a href='#' onClick='toggleBox("stack-trace541713794", this, "Click to show all stack frames", "Click to hide stack frames")'>Click to show all stack frames</a>
<div class='stack-trace' id='stack-trace541713794'><pre>java.lang.AssertionError: Error:URL Mismatch expected [https://demo.nopcommerce.com/iphone-6] but found [https://demo.nopcommerce.com/]
	at org.testng.Assert.fail(Assert.java:110)
	at org.testng.Assert.failNotEquals(Assert.java:1413)
	at org.testng.Assert.assertEqualsImpl(Assert.java:149)
	at org.testng.Assert.assertEquals(Assert.java:131)
	at org.testng.Assert.assertEquals(Assert.java:655)
	at org.example.stepDefinitions.D13_HomeSlidersStepDef.iphone_page_open(D13_HomeSlidersStepDef.java:31)
	at ?.user open iPhone product successfully(file:///D:/Front%20End%20Testing/Java/Projects/demonopcommerceB/src/main/resources/features/F13_HomeSliders.feature:13)
</pre></div></td>
<td>15</td>
<td>org.example.testRunner.runners@7a9273a8</td></tr>
</table><p>
<table width='100%' border='1' class='invocation-passed'>
<tr><td colspan='4' align='center'><b>PASSED TESTS</b></td></tr>
<tr><td><b>Test method</b></td>
<td width="30%"><b>Exception</b></td>
<td width="10%"><b>Time (seconds)</b></td>
<td><b>Instance</b></td>
</tr>
<tr>
<td title='org.example.testRunner.runners.runScenario()'><b>runScenario</b><br>Test class: org.example.testRunner.runners<br>Test method: Runs Cucumber Scenarios<br>Parameters: "guest user could register with valid data successfully", "F01_Register | users could register with new accounts"</td>
<td></td>
<td>16</td>
<td>org.example.testRunner.runners@7a9273a8</td></tr>
<tr>
<td title='org.example.testRunner.runners.runScenario()'><b>runScenario</b><br>Test class: org.example.testRunner.runners<br>Test method: Runs Cucumber Scenarios<br>Parameters: "User could search for any product", "F04_Search | Logged User could search for any product"</td>
<td></td>
<td>20</td>
<td>org.example.testRunner.runners@7a9273a8</td></tr>
<tr>
<td title='org.example.testRunner.runners.runScenario()'><b>runScenario</b><br>Test class: org.example.testRunner.runners<br>Test method: Runs Cucumber Scenarios<br>Parameters: "user could add different products to shopping cart", "F09_ShoppingCart | Logged user could add different products to Shopping cart"</td>
<td></td>
<td>16</td>
<td>org.example.testRunner.runners@7a9273a8</td></tr>
<tr>
<td title='org.example.testRunner.runners.runScenario()'><b>runScenario</b><br>Test class: org.example.testRunner.runners<br>Test method: Runs Cucumber Scenarios<br>Parameters: "user could reset password successfully", "F03_ResetPassword | User could reset his/her password successfully"</td>
<td></td>
<td>14</td>
<td>org.example.testRunner.runners@7a9273a8</td></tr>
<tr>
<td title='org.example.testRunner.runners.runScenario()'><b>runScenario</b><br>Test class: org.example.testRunner.runners<br>Test method: Runs Cucumber Scenarios<br>Parameters: "user could add different products to Wishlist", "F10_WishList | Logged user could add different products to Wishlist"</td>
<td></td>
<td>19</td>
<td>org.example.testRunner.runners@7a9273a8</td></tr>
<tr>
<td title='org.example.testRunner.runners.runScenario()'><b>runScenario</b><br>Test class: org.example.testRunner.runners<br>Test method: Runs Cucumber Scenarios<br>Parameters: "Scenario: user could create successful order", "F12_SuccessfulOrder | Create successful Order"</td>
<td></td>
<td>30</td>
<td>org.example.testRunner.runners@7a9273a8</td></tr>
<tr>
<td title='org.example.testRunner.runners.runScenario()'><b>runScenario</b><br>Test class: org.example.testRunner.runners<br>Test method: Runs Cucumber Scenarios<br>Parameters: "user could switch between currencies to Euro", "F05_Currencies | Logged User could switch between currencies US-Euro"</td>
<td></td>
<td>12</td>
<td>org.example.testRunner.runners@7a9273a8</td></tr>
<tr>
<td title='org.example.testRunner.runners.runScenario()'><b>runScenario</b><br>Test class: org.example.testRunner.runners<br>Test method: Runs Cucumber Scenarios<br>Parameters: "user could access youtube followUs link", "F14_FollowUs - user could access followUs links"</td>
<td></td>
<td>14</td>
<td>org.example.testRunner.runners@7a9273a8</td></tr>
<tr>
<td title='org.example.testRunner.runners.runScenario()'><b>runScenario</b><br>Test class: org.example.testRunner.runners<br>Test method: Runs Cucumber Scenarios<br>Parameters: "user could access facebook followUs link", "F14_FollowUs - user could access followUs links"</td>
<td></td>
<td>14</td>
<td>org.example.testRunner.runners@7a9273a8</td></tr>
<tr>
<td title='org.example.testRunner.runners.runScenario()'><b>runScenario</b><br>Test class: org.example.testRunner.runners<br>Test method: Runs Cucumber Scenarios<br>Parameters: "user could reset password successfully", "F02_Login | users could use login functionality to use their accounts"</td>
<td></td>
<td>13</td>
<td>org.example.testRunner.runners@7a9273a8</td></tr>
<tr>
<td title='org.example.testRunner.runners.runScenario()'><b>runScenario</b><br>Test class: org.example.testRunner.runners<br>Test method: Runs Cucumber Scenarios<br>Parameters: "user could select different categories", "F06_Categories | Logged user could select different Categories"</td>
<td></td>
<td>20</td>
<td>org.example.testRunner.runners@7a9273a8</td></tr>
<tr>
<td title='org.example.testRunner.runners.runScenario()'><b>runScenario</b><br>Test class: org.example.testRunner.runners<br>Test method: Runs Cucumber Scenarios<br>Parameters: "user could switch between currencies to US Dollar", "F05_Currencies | Logged User could switch between currencies US-Euro"</td>
<td></td>
<td>13</td>
<td>org.example.testRunner.runners@7a9273a8</td></tr>
<tr>
<td title='org.example.testRunner.runners.runScenario()'><b>runScenario</b><br>Test class: org.example.testRunner.runners<br>Test method: Runs Cucumber Scenarios<br>Parameters: "user could login with valid email and password", "F02_Login | users could use login functionality to use their accounts"</td>
<td></td>
<td>11</td>
<td>org.example.testRunner.runners@7a9273a8</td></tr>
<tr>
<td title='org.example.testRunner.runners.runScenario()'><b>runScenario</b><br>Test class: org.example.testRunner.runners<br>Test method: Runs Cucumber Scenarios<br>Parameters: "user could login with valid email and password", "F03_ResetPassword | User could reset his/her password successfully"</td>
<td></td>
<td>11</td>
<td>org.example.testRunner.runners@7a9273a8</td></tr>
<tr>
<td title='org.example.testRunner.runners.runScenario()'><b>runScenario</b><br>Test class: org.example.testRunner.runners<br>Test method: Runs Cucumber Scenarios<br>Parameters: "user could filter with color", "F07_ColorFilter | Logged user could filter with color"</td>
<td></td>
<td>14</td>
<td>org.example.testRunner.runners@7a9273a8</td></tr>
<tr>
<td title='org.example.testRunner.runners.runScenario()'><b>runScenario</b><br>Test class: org.example.testRunner.runners<br>Test method: Runs Cucumber Scenarios<br>Parameters: "user could add different products to Comparelist", "F11_CompareList | Logged user could add different products to compare list"</td>
<td></td>
<td>28</td>
<td>org.example.testRunner.runners@7a9273a8</td></tr>
<tr>
<td title='org.example.testRunner.runners.runScenario()'><b>runScenario</b><br>Test class: org.example.testRunner.runners<br>Test method: Runs Cucumber Scenarios<br>Parameters: "user could access twitter followUs link", "F14_FollowUs - user could access followUs links"</td>
<td></td>
<td>15</td>
<td>org.example.testRunner.runners@7a9273a8</td></tr>
<tr>
<td title='org.example.testRunner.runners.runScenario()'><b>runScenario</b><br>Test class: org.example.testRunner.runners<br>Test method: Runs Cucumber Scenarios<br>Parameters: "user could filter with color", "F08_SelectTags | Logged user could filter with color"</td>
<td></td>
<td>18</td>
<td>org.example.testRunner.runners@7a9273a8</td></tr>
</table><p>
</body>
</html>