<?xml version="1.0" encoding="UTF-8"?>
<!-- Generated by org.testng.reporters.JUnitReportReporter -->
<testsuite skipped="0" hostname="swd030904" name="org.example.testRunner.runners" tests="21" failures="2" timestamp="2022-12-07T01:32:42 EET" time="348.054" errors="1">
  <testcase name="runScenario" time="16.590" classname="org.example.testRunner.runners"/>
  <system-out/>
  <testcase name="runScenario" time="20.259" classname="org.example.testRunner.runners"/>
  <system-out/>
  <testcase name="runScenario" time="16.503" classname="org.example.testRunner.runners"/>
  <system-out/>
  <testcase name="runScenario" time="14.053" classname="org.example.testRunner.runners"/>
  <system-out/>
  <testcase name="runScenario" time="19.065" classname="org.example.testRunner.runners"/>
  <system-out/>
  <testcase name="runScenario" time="30.684" classname="org.example.testRunner.runners"/>
  <system-out/>
  <testcase name="runScenario" time="12.115" classname="org.example.testRunner.runners"/>
  <system-out/>
  <testcase name="runScenario" time="14.707" classname="org.example.testRunner.runners"/>
  <system-out/>
  <testcase name="runScenario" time="14.384" classname="org.example.testRunner.runners"/>
  <system-out/>
  <testcase name="runScenario" time="15.189" classname="org.example.testRunner.runners">
    <failure type="java.lang.AssertionError" message="Error:URL Mismatch expected [https://demo.nopcommerce.com/iphone-6] but found [https://demo.nopcommerce.com/]">
      <![CDATA[java.lang.AssertionError: Error:URL Mismatch expected [https://demo.nopcommerce.com/iphone-6] but found [https://demo.nopcommerce.com/]
at org.testng.Assert.fail(Assert.java:110)
at org.testng.Assert.failNotEquals(Assert.java:1413)
at org.testng.Assert.assertEqualsImpl(Assert.java:149)
at org.testng.Assert.assertEquals(Assert.java:131)
at org.testng.Assert.assertEquals(Assert.java:655)
at org.example.stepDefinitions.D13_HomeSlidersStepDef.iphone_page_open(D13_HomeSlidersStepDef.java:31)
at ✽.user open iPhone product successfully(file:///D:/Front%20End%20Testing/Java/Projects/demonopcommerceB/src/main/resources/features/F13_HomeSliders.feature:13)
]]>
    </failure>
  </testcase> <!-- runScenario -->
  <system-out/>
  <testcase name="runScenario" time="13.736" classname="org.example.testRunner.runners"/>
  <system-out/>
  <testcase name="runScenario" time="20.611" classname="org.example.testRunner.runners"/>
  <system-out/>
  <testcase name="runScenario" time="13.051" classname="org.example.testRunner.runners"/>
  <system-out/>
  <testcase name="runScenario" time="11.391" classname="org.example.testRunner.runners"/>
  <system-out/>
  <testcase name="runScenario" time="11.920" classname="org.example.testRunner.runners"/>
  <system-out/>
  <testcase name="runScenario" time="12.621" classname="org.example.testRunner.runners">
    <error type="org.openqa.selenium.TimeoutException" message="Expected condition failed: waiting for number of open windows to be 2 (tried for 3 second(s) with 500 milliseconds interval)
Build info: version: &#039;4.6.0&#039;, revision: &#039;79f1c02ae20&#039;
System info: os.name: &#039;Windows 10&#039;, os.arch: &#039;amd64&#039;, os.version: &#039;10.0&#039;, java.version: &#039;1.8.0_111&#039;
Driver info: org.openqa.selenium.chrome.ChromeDriver
Capabilities {acceptInsecureCerts: false, browserName: chrome, browserVersion: 108.0.5359.71, chrome: {chromedriverVersion: 107.0.5304.62 (1eec40d3a576..., userDataDir: C:\Users\MOH~1.KAM\AppData\...}, goog:chromeOptions: {debuggerAddress: localhost:57219}, networkConnectionEnabled: false, pageLoadStrategy: normal, platformName: WINDOWS, proxy: Proxy(), se:cdp: ws://localhost:57219/devtoo..., se:cdpVersion: 108.0.5359.71, setWindowRect: true, strictFileInteractability: false, timeouts: {implicit: 0, pageLoad: 300000, script: 30000}, unhandledPromptBehavior: dismiss and notify, webauthn:extension:credBlob: true, webauthn:extension:largeBlob: true, webauthn:virtualAuthenticators: true}
Session ID: fdbbfd8e19c1427fc64fed32657a48d6">
      <![CDATA[org.openqa.selenium.TimeoutException: Expected condition failed: waiting for number of open windows to be 2 (tried for 3 second(s) with 500 milliseconds interval)
Build info: version: '4.6.0', revision: '79f1c02ae20'
System info: os.name: 'Windows 10', os.arch: 'amd64', os.version: '10.0', java.version: '1.8.0_111'
Driver info: org.openqa.selenium.chrome.ChromeDriver
Capabilities {acceptInsecureCerts: false, browserName: chrome, browserVersion: 108.0.5359.71, chrome: {chromedriverVersion: 107.0.5304.62 (1eec40d3a576..., userDataDir: C:\Users\MOH~1.KAM\AppData\...}, goog:chromeOptions: {debuggerAddress: localhost:57219}, networkConnectionEnabled: false, pageLoadStrategy: normal, platformName: WINDOWS, proxy: Proxy(), se:cdp: ws://localhost:57219/devtoo..., se:cdpVersion: 108.0.5359.71, setWindowRect: true, strictFileInteractability: false, timeouts: {implicit: 0, pageLoad: 300000, script: 30000}, unhandledPromptBehavior: dismiss and notify, webauthn:extension:credBlob: true, webauthn:extension:largeBlob: true, webauthn:virtualAuthenticators: true}
Session ID: fdbbfd8e19c1427fc64fed32657a48d6
at org.openqa.selenium.support.ui.WebDriverWait.timeoutException(WebDriverWait.java:87)
at org.openqa.selenium.support.ui.FluentWait.until(FluentWait.java:231)
at org.example.stepDefinitions.D14_FollowUsStepDef.RSS_Accessed(D14_FollowUsStepDef.java:83)
at ✽.RSS is accessed successfully(file:///D:/Front%20End%20Testing/Java/Projects/demonopcommerceB/src/main/resources/features/F14_FollowUs.feature:22)
]]>
    </error>
  </testcase> <!-- runScenario -->
  <system-out/>
  <testcase name="runScenario" time="14.001" classname="org.example.testRunner.runners"/>
  <system-out/>
  <testcase name="runScenario" time="28.891" classname="org.example.testRunner.runners"/>
  <system-out/>
  <testcase name="runScenario" time="14.216" classname="org.example.testRunner.runners">
    <failure type="java.lang.AssertionError" message="Error:URL Mismatch expected [https://demo.nopcommerce.com/nokia-lumia-1020] but found [https://demo.nopcommerce.com/]">
      <![CDATA[java.lang.AssertionError: Error:URL Mismatch expected [https://demo.nopcommerce.com/nokia-lumia-1020] but found [https://demo.nopcommerce.com/]
at org.testng.Assert.fail(Assert.java:110)
at org.testng.Assert.failNotEquals(Assert.java:1413)
at org.testng.Assert.assertEqualsImpl(Assert.java:149)
at org.testng.Assert.assertEquals(Assert.java:131)
at org.testng.Assert.assertEquals(Assert.java:655)
at org.example.stepDefinitions.D13_HomeSlidersStepDef.lumia_success_open(D13_HomeSlidersStepDef.java:20)
at ✽.user open Lumia product successfully(file:///D:/Front%20End%20Testing/Java/Projects/demonopcommerceB/src/main/resources/features/F13_HomeSliders.feature:7)
]]>
    </failure>
  </testcase> <!-- runScenario -->
  <system-out/>
  <testcase name="runScenario" time="15.427" classname="org.example.testRunner.runners"/>
  <system-out/>
  <testcase name="runScenario" time="18.640" classname="org.example.testRunner.runners"/>
  <system-out/>
</testsuite> <!-- org.example.testRunner.runners -->
